{"/Users/Mimmo/Projects/pig-pong/test/homepageSpec.js":{"path":"/Users/Mimmo/Projects/pig-pong/test/homepageSpec.js","s":{"1":1,"2":0,"3":0,"4":0,"5":0,"6":0,"7":0,"8":0,"9":0,"10":0,"11":0,"12":0,"13":0,"14":0,"15":0,"16":0,"17":0,"18":0,"19":0,"20":0,"21":0},"b":{},"f":{"1":0,"2":0,"3":0,"4":0,"5":0,"6":0,"7":0,"8":0,"9":0,"10":0,"11":0,"12":0},"fnMap":{"1":{"name":"(anonymous_1)","line":1,"loc":{"start":{"line":1,"column":21},"end":{"line":1,"column":32}}},"2":{"name":"(anonymous_2)","line":5,"loc":{"start":{"line":5,"column":8},"end":{"line":5,"column":19}}},"3":{"name":"(anonymous_3)","line":9,"loc":{"start":{"line":9,"column":44},"end":{"line":9,"column":55}}},"4":{"name":"(anonymous_4)","line":10,"loc":{"start":{"line":10,"column":30},"end":{"line":10,"column":41}}},"5":{"name":"(anonymous_5)","line":15,"loc":{"start":{"line":15,"column":45},"end":{"line":15,"column":56}}},"6":{"name":"(anonymous_6)","line":16,"loc":{"start":{"line":16,"column":30},"end":{"line":16,"column":41}}},"7":{"name":"(anonymous_7)","line":21,"loc":{"start":{"line":21,"column":44},"end":{"line":21,"column":55}}},"8":{"name":"(anonymous_8)","line":22,"loc":{"start":{"line":22,"column":30},"end":{"line":22,"column":41}}},"9":{"name":"(anonymous_9)","line":27,"loc":{"start":{"line":27,"column":29},"end":{"line":27,"column":40}}},"10":{"name":"(anonymous_10)","line":28,"loc":{"start":{"line":28,"column":30},"end":{"line":28,"column":41}}},"11":{"name":"(anonymous_11)","line":33,"loc":{"start":{"line":33,"column":35},"end":{"line":33,"column":46}}},"12":{"name":"(anonymous_12)","line":34,"loc":{"start":{"line":34,"column":30},"end":{"line":34,"column":41}}}},"statementMap":{"1":{"start":{"line":1,"column":0},"end":{"line":41,"column":3}},"2":{"start":{"line":3,"column":1},"end":{"line":3,"column":35}},"3":{"start":{"line":5,"column":1},"end":{"line":7,"column":4}},"4":{"start":{"line":6,"column":2},"end":{"line":6,"column":21}},"5":{"start":{"line":9,"column":1},"end":{"line":13,"column":4}},"6":{"start":{"line":10,"column":2},"end":{"line":12,"column":5}},"7":{"start":{"line":11,"column":3},"end":{"line":11,"column":54}},"8":{"start":{"line":15,"column":1},"end":{"line":19,"column":4}},"9":{"start":{"line":16,"column":2},"end":{"line":18,"column":5}},"10":{"start":{"line":17,"column":3},"end":{"line":17,"column":51}},"11":{"start":{"line":21,"column":1},"end":{"line":25,"column":4}},"12":{"start":{"line":22,"column":2},"end":{"line":24,"column":5}},"13":{"start":{"line":23,"column":3},"end":{"line":23,"column":50}},"14":{"start":{"line":27,"column":1},"end":{"line":31,"column":4}},"15":{"start":{"line":28,"column":2},"end":{"line":30,"column":5}},"16":{"start":{"line":29,"column":3},"end":{"line":29,"column":31}},"17":{"start":{"line":33,"column":1},"end":{"line":39,"column":4}},"18":{"start":{"line":34,"column":2},"end":{"line":38,"column":5}},"19":{"start":{"line":35,"column":3},"end":{"line":35,"column":30}},"20":{"start":{"line":36,"column":3},"end":{"line":36,"column":31}},"21":{"start":{"line":37,"column":3},"end":{"line":37,"column":31}}},"branchMap":{}}}